make all --print-data-base --no-builtin-variables --no-builtin-rules --question
# GNU Make 3.81
# Copyright (C) 2006  Free Software Foundation, Inc.
# This is free software; see the source for copying conditions.
# There is NO warranty; not even for MERCHANTABILITY or FITNESS FOR A
# PARTICULAR PURPOSE.

# This program built for i386-apple-darwin11.3.0
 

# Make data base, printed on Fri Mar  4 08:02:17 2022

# Variables

# automatic
<D = $(patsubst %/,%,$(dir $<))
# automatic
?F = $(notdir $?)
# makefile (from `Makefile', line 24)
OBJ := obj/command.o obj/config.o obj/device.o obj/main.o obj/smartField.o obj/syncManager.o
# makefile (from `Makefile', line 23)
SRC :=  src/command.cpp src/config.cpp src/device.cpp src/main.cpp src/smartField.cpp src/syncManager.cpp
# environment
VSCODE_LOG_NATIVE = false
# makefile (from `Makefile', line 19)
TARGET := bin/light-thing
# automatic
?D = $(patsubst %/,%,$(dir $?))
# automatic
@D = $(patsubst %/,%,$(dir $@))
# automatic
@F = $(notdir $@)
# makefile
CURDIR := /Users/mreff555/src/hue-api
# makefile
SHELL = /bin/sh
# environment
VSCODE_NLS_CONFIG = {"locale":"en-us","availableLanguages":{},"_languagePackSupport":true}
 
# environment
_ = /usr/bin/make
# makefile (from `Makefile', line 1)
MAKEFILE_LIST :=  Makefile
# environment
VSCODE_VERBOSE_LOGGING = true
# environment
__CFBundleIdentifier = com.microsoft.VSCode
# environment
VSCODE_IPC_HOOK_EXTHOST = /var/folders/sh/g_44cq854lsb9r49w2616kh40000gn/T/vscode-ipc-11b46410-b77d-461f-8309-50af1a8f66d6.sock
# environment
VSCODE_CWD = /
# environment
PATH = /usr/local/bin:/usr/bin:/bin:/usr/sbin:/sbin:/Applications/VMware Fusion.app/Contents/Public:/Library/TeX/texbin:/Library/Apple/usr/bin:/Applications/Wireshark.app/Contents/MacOS
# makefile (from `Makefile', line 11)
SRC_PATH := src
# environment
LaunchInstanceID = 8DA46F0C-D340-40EE-9F2A-E08072C921AD
# makefile (from `Makefile', line 9)
BIN_PATH := bin
# environment
VSCODE_LOG_STACK = false
# environment
ELECTRON_RUN_AS_NODE = 1
# default
.FEATURES := target-specific order-only second-expansion else-if archives jobserver check-symlink
# makefile (from `Makefile', line 6)
CCOBJFLAGS := -lcurl -std=c++11 -c
# environment
SSH_AUTH_SOCK = /private/tmp/com.apple.launchd.ZzKrW6bh3g/Listeners
# automatic
%F = $(notdir $%)
# environment
VSCODE_PIPE_LOGGING = true
# environment
PWD = /Users/mreff555/src/hue-api
# environment
ORIGINAL_XDG_CURRENT_DESKTOP = undefined
# makefile (from `Makefile', line 30)
CLEAN_LIST := bin/light-thing debug/light-thing obj/command.o obj/config.o obj/device.o obj/main.o obj/smartField.o obj/syncManager.o debug/command.o debug/config.o debug/device.o debug/main.o debug/smartField.o debug/syncManager.o
# environment
VSCODE_AMD_ENTRYPOINT = vs/workbench/services/extensions/node/extensionHostProcess
# environment
HOME = /Users/mreff555
# default
MAKEFILEPATH := /Applications/Xcode.app/Contents/Developer/Makefiles
# environment
VSCODE_CODE_CACHE_PATH = /Users/mreff555/Library/Application Support/Code/CachedData/f80445acd5a3dadef24aa209168452a3d97cc326
# environment
LOGNAME = mreff555
# environment
APPLICATION_INSIGHTS_NO_DIAGNOSTIC_CHANNEL = 1
# environment
VSCODE_HANDLES_UNCAUGHT_ERRORS = true
# automatic
^D = $(patsubst %/,%,$(dir $^))
# environment
XPC_FLAGS = 0x0
# default
MAKE = $(MAKE_COMMAND)
# default
MAKECMDGOALS := all
# environment
SHLVL = 1
# makefile (from `Makefile', line 2)
CC := g++
# makefile (from `Makefile', line 15)
TARGET_NAME := light-thing
# makefile (from `Makefile', line 20)
TARGET_DEBUG := debug/light-thing
# default
MAKE_VERSION := 3.81
# environment
USER = mreff555
# makefile
.DEFAULT_GOAL := default
# makefile (from `Makefile', line 4)
CCFLAGS := -lcurl -std=c++11
# makefile (from `Makefile', line 10)
OBJ_PATH := obj
# automatic
%D = $(patsubst %/,%,$(dir $%))
# default
MAKE_COMMAND := /Applications/Xcode.app/Contents/Developer/usr/bin/make
# default
.VARIABLES := 
# environment
TMPDIR = /var/folders/sh/g_44cq854lsb9r49w2616kh40000gn/T/
# automatic
*F = $(notdir $*)
# environment
VSCODE_IPC_HOOK = /Users/mreff555/Library/Application Support/Code/1.64.2-main.sock
# makefile
MAKEFLAGS = Rrqp
# environment
MFLAGS = -Rrqp
# automatic
*D = $(patsubst %/,%,$(dir $*))
# environment
XPC_SERVICE_NAME = application.com.microsoft.VSCode.17931015.17931024
# automatic
+D = $(patsubst %/,%,$(dir $+))
# automatic
+F = $(notdir $+)
# environment
__CF_USER_TEXT_ENCODING = 0x1F5:0x0:0x0
# environment
COMMAND_MODE = unix2003
# default
MAKEFILES := 
# automatic
<F = $(notdir $<)
# makefile (from `Makefile', line 12)
DBG_PATH := debug
# environment
LC_ALL = C
# makefile (from `Makefile', line 5)
DBGFLAGS := -g
# environment
SECURITYSESSIONID = 187fa
# automatic
^F = $(notdir $^)
# default
SUFFIXES := 
# default
.INCLUDE_DIRS = /usr/local/include
# environment
MAKELEVEL := 0
# makefile (from `Makefile', line 25)
OBJ_DEBUG := debug/command.o debug/config.o debug/device.o debug/main.o debug/smartField.o debug/syncManager.o
# environment
LANG = C
# environment
VSCODE_PID = 10798
# makefile (from `Makefile', line 28)
DISTCLEAN_LIST := obj/command.o obj/config.o obj/device.o obj/main.o obj/smartField.o obj/syncManager.o debug/command.o debug/config.o debug/device.o debug/main.o debug/smartField.o debug/syncManager.o
# variable set hash-table stats:
# Load=80/1024=8%, Rehash=0, Collisions=4/130=3%

# Pattern-specific Variable Values

# No pattern-specific variable values.

# Directories

# . (device 16777222, inode 8093638): 13 files, no impossibilities.
# src (device 16777222, inode 8093709): 15 files, no impossibilities.

# 28 files, no impossibilities in 2 directories.

# Implicit Rules

obj/%.o: src/%.c*
#  commands to execute (from `Makefile', line 42):
	$(CC) $(CCOBJFLAGS) -o $@ $<
	

debug/%.o: src/%.c*
#  commands to execute (from `Makefile', line 45):
	$(CC) $(CCOBJFLAGS) $(DBGFLAGS) -o $@ $<
	

# 2 implicit rules, 0 (0.0%) terminal.

# Files

# Not a target:
debug/main.o:
#  Implicit rule search has not been done.
#  Modification time never checked.
#  File has not been updated.

bin/light-thing: obj/command.o obj/config.o obj/device.o obj/main.o obj/smartField.o obj/syncManager.o
#  Implicit rule search has not been done.
#  Last modified 2022-03-04 07:59:19
#  File has been updated.
#  Successfully updated.
# variable set hash-table stats:
# Load=0/32=0%, Rehash=0, Collisions=0/0=0%
#  commands to execute (from `Makefile', line 39):
	$(CC) $(CCFLAGS) -o $@ $(OBJ)
	

# Not a target:
src/device.cpp:
#  Implicit rule search has been done.
#  Last modified 2022-03-04 07:51:36
#  File has been updated.
#  Successfully updated.
# variable set hash-table stats:
 
# Load=0/32=0%, Rehash=0, Collisions=0/0=0%

all: bin/light-thing
#  Phony target (prerequisite of .PHONY).
#  Command-line target.
#  Implicit rule search has not been done.
#  File does not exist.
#  File has been updated.
#  Successfully updated.
# variable set hash-table stats:
# Load=0/32=0%, Rehash=0, Collisions=0/0=0%

.PHONY: makedir all debug clean distclean
#  Implicit rule search has not been done.
#  Modification time never checked.
#  File has not been updated.

# Not a target:
debug/syncManager.o:
#  Implicit rule search has not been done.
#  Modification time never checked.
#  File has not been updated.

debug/light-thing: debug/command.o debug/config.o debug/device.o debug/main.o debug/smartField.o debug/syncManager.o
#  Implicit rule search has not been done.
#  Modification time never checked.
#  File has not been updated.
#  commands to execute (from `Makefile', line 48):
	$(CC) $(CCFLAGS) $(DBGFLAGS) $(OBJ_DEBUG) -o $@
	

distclean:
#  Phony target (prerequisite of .PHONY).
#  Implicit rule search has not been done.
#  File does not exist.
#  File has not been updated.
#  commands to execute (from `Makefile', line 68):
	@echo CLEAN $(CLEAN_LIST)
	@rm -f $(DISTCLEAN_LIST)
	

obj/main.o: src/main.cpp
#  Implicit rule search has been done.
#  Implicit/static pattern stem: `main'
#  Last modified 2022-03-04 07:59:18
#  File has been updated.
#  Successfully updated.
# variable set hash-table stats:
# Load=0/32=0%, Rehash=0, Collisions=0/0=0%
#  commands to execute (from `Makefile', line 42):
	$(CC) $(CCOBJFLAGS) -o $@ $<
	

# Not a target:
.SUFFIXES:
#  Implicit rule search has not been done.
#  Modification time never checked.
#  File has not been updated.

# Not a target:
debug/smartField.o:
#  Implicit rule search has not been done.
#  Modification time never checked.
#  File has not been updated.

# Not a target:
Makefile:
#  Implicit rule search has been done.
#  Last modified 2022-03-04 08:01:07
#  File has been updated.
#  Successfully updated.
# variable set hash-table stats:
# Load=0/32=0%, Rehash=0, Collisions=0/0=0%

debug: debug/light-thing
#  Phony target (prerequisite of .PHONY).
#  Implicit rule search has not been done.
#  File does not exist.
#  File has not been updated.

# Not a target:
src/command.cpp:
#  Implicit rule search has been done.
#  Last modified 2022-03-04 07:57:32
#  File has been updated.
#  Successfully updated.
# variable set hash-table stats:
# Load=0/32=0%, Rehash=0, Collisions=0/0=0%

obj/syncManager.o: src/syncManager.cpp
#  Implicit rule search has been done.
#  Implicit/static pattern stem: `syncManager'
#  Last modified 2022-03-04 07:59:19
#  File has been updated.
#  Successfully updated.
# variable set hash-table stats:
# Load=0/32=0%, Rehash=0, Collisions=0/0=0%
#  commands to execute (from `Makefile', line 42):
	$(CC) $(CCOBJFLAGS) -o $@ $<
	

# Not a target:
src/config.cpp:
#  Implicit rule search has been done.
#  Last modified 2021-11-25 11:22:41
#  File has been updated.
#  Successfully updated.
# variable set hash-table stats:
# Load=0/32=0%, Rehash=0, Collisions=0/0=0%

# Not a target:
debug/device.o:
#  Implicit rule search has not been done.
#  Modification time never checked.
#  File has not been updated.

default: makedir all
#  Implicit rule search has not been done.
#  Modification time never checked.
#  File has not been updated.

obj/smartField.o: src/smartField.cpp
#  Implicit rule search has been done.
#  Implicit/static pattern stem: `smartField'
#  Last modified 2022-03-04 07:59:18
#  File has been updated.
#  Successfully updated.
# variable set hash-table stats:
# Load=0/32=0%, Rehash=0, Collisions=0/0=0%
#  commands to execute (from `Makefile', line 42):
	$(CC) $(CCOBJFLAGS) -o $@ $<
	

# Not a target:
.DEFAULT:
#  Implicit rule search has not been done.
#  Modification time never checked.
#  File has not been updated.

# Not a target:
debug/command.o:
#  Implicit rule search has not been done.
#  Modification time never checked.
#  File has not been updated.

obj/device.o: src/device.cpp
#  Implicit rule search has been done.
#  Implicit/static pattern stem: `device'
#  Last modified 2022-03-04 07:59:17
#  File has been updated.
#  Successfully updated.
# variable set hash-table stats:
# Load=0/32=0%, Rehash=0, Collisions=0/0=0%
#  commands to execute (from `Makefile', line 42):
	$(CC) $(CCOBJFLAGS) -o $@ $<
	

makedir:
#  Phony target (prerequisite of .PHONY).
#  Implicit rule search has not been done.
#  File does not exist.
#  File has not been updated.
#  commands to execute (from `Makefile', line 53):
	@mkdir -p $(BIN_PATH) $(OBJ_PATH) $(DBG_PATH)
	

clean:
#  Phony target (prerequisite of .PHONY).
#  Implicit rule search has not been done.
#  File does not exist.
#  File has not been updated.
#  commands to execute (from `Makefile', line 63):
	@echo CLEAN $(CLEAN_LIST)
	@rm -f $(CLEAN_LIST)
	

# Not a target:
debug/config.o:
#  Implicit rule search has not been done.
#  Modification time never checked.
#  File has not been updated.

# Not a target:
src/main.cpp:
#  Implicit rule search has been done.
#  Last modified 2022-02-19 12:21:50
#  File has been updated.
#  Successfully updated.
# variable set hash-table stats:
# Load=0/32=0%, Rehash=0, Collisions=0/0=0%

obj/command.o: src/command.cpp
#  Implicit rule search has been done.
#  Implicit/static pattern stem: `command'
#  Last modified 2022-03-04 07:59:15
#  File has been updated.
#  Successfully updated.
# variable set hash-table stats:
 
# Load=0/32=0%, Rehash=0, Collisions=0/0=0%
#  commands to execute (from `Makefile', line 42):
	$(CC) $(CCOBJFLAGS) -o $@ $<
	

# Not a target:
src/syncManager.cpp:
#  Implicit rule search has been done.
#  Last modified 2022-03-04 07:52:24
#  File has been updated.
#  Successfully updated.
# variable set hash-table stats:
# Load=0/32=0%, Rehash=0, Collisions=0/0=0%

obj/config.o: src/config.cpp
#  Implicit rule search has been done.
#  Implicit/static pattern stem: `config'
#  Last modified 2022-03-04 07:59:16
#  File has been updated.
#  Successfully updated.
# variable set hash-table stats:
# Load=0/32=0%, Rehash=0, Collisions=0/0=0%
#  commands to execute (from `Makefile', line 42):
	$(CC) $(CCOBJFLAGS) -o $@ $<
	

# Not a target:
src/smartField.cpp:
#  Implicit rule search has been done.
#  Last modified 2022-02-18 07:25:31
#  File has been updated.
#  Successfully updated.
# variable set hash-table stats:
# Load=0/32=0%, Rehash=0, Collisions=0/0=0%

# files hash-table stats:
# Load=30/1024=3%, Rehash=0, Collisions=2/86=2%
# VPATH Search Paths

# No `vpath' search paths.

# No general (`VPATH' variable) search path.

# # of strings in strcache: 1
# # of strcache buffers: 1
# strcache size: total = 4096 / max = 4096 / min = 4096 / avg = 4096
# strcache free: total = 4087 / max = 4087 / min = 4087 / avg = 4087

# Finished Make data base on Fri Mar  4 08:02:17 2022

 
